# JRE version: Java(TM) SE Runtime Environment (8.0_181-b13) (build 1.8.0_181-b13)
# Java VM: Java HotSpot(TM) 64-Bit Server VM (25.181-b13 mixed mode bsd-amd64 compressed oops)
Heap:
 PSYoungGen      total 33792K, used 17827K [0x0000000795580000, 0x0000000798380000, 0x00000007c0000000)
  eden space 22016K, 48% used [0x0000000795580000,0x0000000796001040,0x0000000796b00000)
  from space 11776K, 60% used [0x0000000797700000,0x0000000797de7e80,0x0000000798280000)
  to   space 12288K, 0% used [0x0000000796b00000,0x0000000796b00000,0x0000000797700000)
 ParOldGen       total 65536K, used 37945K [0x0000000740000000, 0x0000000744000000, 0x0000000795580000)
  object space 65536K, 57% used [0x0000000740000000,0x000000074250e530,0x0000000744000000)
 Metaspace       used 22902K, capacity 23721K, committed 23936K, reserved 1071104K
  class space    used 2897K, capacity 3119K, committed 3200K, reserved 1048576K
GC Heap History (10 events):
Event: 1125.935 GC heap before
{Heap before GC invocations=77 (full 1):
 PSYoungGen      total 34304K, used 32342K [0x0000000795580000, 0x0000000798180000, 0x00000007c0000000)
  eden space 23552K, 100% used [0x0000000795580000,0x0000000796c80000,0x0000000796c80000)
  from space 10752K, 81% used [0x0000000796c80000,0x00000007975159a8,0x0000000797700000)
  to   space 10752K, 0% used [0x0000000797700000,0x0000000797700000,0x0000000798180000)
 ParOldGen       total 65536K, used 32817K [0x0000000740000000, 0x0000000744000000, 0x0000000795580000)
  object space 65536K, 50% used [0x0000000740000000,0x000000074200c650,0x0000000744000000)
 Metaspace       used 22596K, capacity 23465K, committed 23680K, reserved 1069056K
  class space    used 2895K, capacity 3119K, committed 3200K, reserved 1048576K
Event: 1125.957 GC heap after
Heap after GC invocations=77 (full 1):
 PSYoungGen      total 33792K, used 10399K [0x0000000795580000, 0x0000000798280000, 0x00000007c0000000)
  eden space 23040K, 0% used [0x0000000795580000,0x0000000795580000,0x0000000796c00000)
  from space 10752K, 96% used [0x0000000797700000,0x0000000798127dc0,0x0000000798180000)
  to   space 11264K, 0% used [0x0000000796c00000,0x0000000796c00000,0x0000000797700000)
 ParOldGen       total 65536K, used 34521K [0x0000000740000000, 0x0000000744000000, 0x0000000795580000)
  object space 65536K, 52% used [0x0000000740000000,0x00000007421b65f0,0x0000000744000000)
 Metaspace       used 22596K, capacity 23465K, committed 23680K, reserved 1069056K
  class space    used 2895K, capacity 3119K, committed 3200K, reserved 1048576K
}
Event: 1395.331 GC heap before
{Heap before GC invocations=78 (full 1):
 PSYoungGen      total 33792K, used 33439K [0x0000000795580000, 0x0000000798280000, 0x00000007c0000000)
  eden space 23040K, 100% used [0x0000000795580000,0x0000000796c00000,0x0000000796c00000)
  from space 10752K, 96% used [0x0000000797700000,0x0000000798127dc0,0x0000000798180000)
  to   space 11264K, 0% used [0x0000000796c00000,0x0000000796c00000,0x0000000797700000)
 ParOldGen       total 65536K, used 34521K [0x0000000740000000, 0x0000000744000000, 0x0000000795580000)
  object space 65536K, 52% used [0x0000000740000000,0x00000007421b65f0,0x0000000744000000)
 Metaspace       used 22604K, capacity 23465K, committed 23680K, reserved 1069056K
  class space    used 2895K, capacity 3119K, committed 3200K, reserved 1048576K
Event: 1395.352 GC heap after
Heap after GC invocations=78 (full 1):
 PSYoungGen      total 34304K, used 10399K [0x0000000795580000, 0x0000000798200000, 0x00000007c0000000)
  eden space 23040K, 0% used [0x0000000795580000,0x0000000795580000,0x0000000796c00000)
  from space 11264K, 92% used [0x0000000796c00000,0x0000000797627dc0,0x0000000797700000)
  to   space 11264K, 0% used [0x0000000797700000,0x0000000797700000,0x0000000798200000)
 ParOldGen       total 65536K, used 34529K [0x0000000740000000, 0x0000000744000000, 0x0000000795580000)
  object space 65536K, 52% used [0x0000000740000000,0x00000007421b85f0,0x0000000744000000)
 Metaspace       used 22604K, capacity 23465K, committed 23680K, reserved 1069056K
  class space    used 2895K, capacity 3119K, committed 3200K, reserved 1048576K
}
Event: 1690.453 GC heap before
{Heap before GC invocations=79 (full 1):
 PSYoungGen      total 34304K, used 33439K [0x0000000795580000, 0x0000000798200000, 0x00000007c0000000)
  eden space 23040K, 100% used [0x0000000795580000,0x0000000796c00000,0x0000000796c00000)
  from space 11264K, 92% used [0x0000000796c00000,0x0000000797627dc0,0x0000000797700000)
  to   space 11264K, 0% used [0x0000000797700000,0x0000000797700000,0x0000000798200000)
 ParOldGen       total 65536K, used 34529K [0x0000000740000000, 0x0000000744000000, 0x0000000795580000)
  object space 65536K, 52% used [0x0000000740000000,0x00000007421b85f0,0x0000000744000000)
 Metaspace       used 22672K, capacity 23529K, committed 23680K, reserved 1069056K
  class space    used 2895K, capacity 3119K, committed 3200K, reserved 1048576K
Event: 1690.456 GC heap after
Heap after GC invocations=79 (full 1):
 PSYoungGen      total 33792K, used 10399K [0x0000000795580000, 0x0000000798300000, 0x00000007c0000000)
  eden space 22528K, 0% used [0x0000000795580000,0x0000000795580000,0x0000000796b80000)
  from space 11264K, 92% used [0x0000000797700000,0x0000000798127dc0,0x0000000798200000)
  to   space 11776K, 0% used [0x0000000796b80000,0x0000000796b80000,0x0000000797700000)
 ParOldGen       total 65536K, used 34537K [0x0000000740000000, 0x0000000744000000, 0x0000000795580000)
  object space 65536K, 52% used [0x0000000740000000,0x00000007421ba5f0,0x0000000744000000)
 Metaspace       used 22672K, capacity 23529K, committed 23680K, reserved 1069056K
  class space    used 2895K, capacity 3119K, committed 3200K, reserved 1048576K
}
Event: 1766.597 GC heap before
{Heap before GC invocations=80 (full 1):
 PSYoungGen      total 33792K, used 32743K [0x0000000795580000, 0x0000000798300000, 0x00000007c0000000)
  eden space 22528K, 99% used [0x0000000795580000,0x0000000796b520c0,0x0000000796b80000)
  from space 11264K, 92% used [0x0000000797700000,0x0000000798127dc0,0x0000000798200000)
  to   space 11776K, 0% used [0x0000000796b80000,0x0000000796b80000,0x0000000797700000)
 ParOldGen       total 65536K, used 34537K [0x0000000740000000, 0x0000000744000000, 0x0000000795580000)
  object space 65536K, 52% used [0x0000000740000000,0x00000007421ba5f0,0x0000000744000000)
 Metaspace       used 22806K, capacity 23657K, committed 23936K, reserved 1071104K
  class space    used 2896K, capacity 3119K, committed 3200K, reserved 1048576K
Event: 1766.603 GC heap after
Heap after GC invocations=80 (full 1):
 PSYoungGen      total 34304K, used 10399K [0x0000000795580000, 0x0000000798280000, 0x00000007c0000000)
  eden space 22528K, 0% used [0x0000000795580000,0x0000000795580000,0x0000000796b80000)
  from space 11776K, 88% used [0x0000000796b80000,0x00000007975a7dc0,0x0000000797700000)
  to   space 11776K, 0% used [0x0000000797700000,0x0000000797700000,0x0000000798280000)
 ParOldGen       total 65536K, used 37937K [0x0000000740000000, 0x0000000744000000, 0x0000000795580000)
  object space 65536K, 57% used [0x0000000740000000,0x000000074250c530,0x0000000744000000)
 Metaspace       used 22806K, capacity 23657K, committed 23936K, reserved 1071104K
  class space    used 2896K, capacity 3119K, committed 3200K, reserved 1048576K
}
Event: 1783.116 GC heap before
{Heap before GC invocations=81 (full 1):
 PSYoungGen      total 34304K, used 31338K [0x0000000795580000, 0x0000000798280000, 0x00000007c0000000)
  eden space 22528K, 92% used [0x0000000795580000,0x00000007969f2de0,0x0000000796b80000)
  from space 11776K, 88% used [0x0000000796b80000,0x00000007975a7dc0,0x0000000797700000)
  to   space 11776K, 0% used [0x0000000797700000,0x0000000797700000,0x0000000798280000)
 ParOldGen       total 65536K, used 37937K [0x0000000740000000, 0x0000000744000000, 0x0000000795580000)
  object space 65536K, 57% used [0x0000000740000000,0x000000074250c530,0x0000000744000000)
 Metaspace       used 22893K, capacity 23721K, committed 23936K, reserved 1071104K
  class space    used 2897K, capacity 3119K, committed 3200K, reserved 1048576K
Event: 1783.118 GC heap after
Heap after GC invocations=81 (full 1):
 PSYoungGen      total 33792K, used 7071K [0x0000000795580000, 0x0000000798380000, 0x00000007c0000000)
  eden space 22016K, 0% used [0x0000000795580000,0x0000000795580000,0x0000000796b00000)
  from space 11776K, 60% used [0x0000000797700000,0x0000000797de7e80,0x0000000798280000)
  to   space 12288K, 0% used [0x0000000796b00000,0x0000000796b00000,0x0000000797700000)
 ParOldGen       total 65536K, used 37945K [0x0000000740000000, 0x0000000744000000, 0x0000000795580000)
  object space 65536K, 57% used [0x0000000740000000,0x000000074250e530,0x0000000744000000)
 Metaspace       used 22893K, capacity 23721K, committed 23936K, reserved 1071104K
  class space    used 2897K, capacity 3119K, committed 3200K, reserved 1048576K
}

